  [1m[35m (23.9ms)[0m  [1m[35mCREATE TABLE "schema_migrations" ("version" character varying NOT NULL PRIMARY KEY)[0m
  [1m[35m (2.7ms)[0m  [1m[35mCREATE TABLE "ar_internal_metadata" ("key" character varying NOT NULL PRIMARY KEY, "value" character varying, "created_at" timestamp NOT NULL, "updated_at" timestamp NOT NULL)[0m
  [1m[35m (0.2ms)[0m  [1m[34mSELECT pg_try_advisory_lock(7077420035831826135)[0m
  [1m[35m (1.1ms)[0m  [1m[34mSELECT "schema_migrations"."version" FROM "schema_migrations" ORDER BY "schema_migrations"."version" ASC[0m
Migrating to CreateUsers (20191007015531)
  [1m[35m (0.2ms)[0m  [1m[35mBEGIN[0m
  [1m[35m (4.7ms)[0m  [1m[35mCREATE TABLE "users" ("id" bigserial primary key, "first_name" character varying, "last_name" character varying, "email" character varying, "wins" integer, "losses" integer, "password_digest" character varying, "created_at" timestamp NOT NULL, "updated_at" timestamp NOT NULL)[0m
  [1m[35mSQL (0.4ms)[0m  [1m[32mINSERT INTO "schema_migrations" ("version") VALUES ($1) RETURNING "version"[0m  [["version", "20191007015531"]]
  [1m[35m (0.3ms)[0m  [1m[35mCOMMIT[0m
  [1m[36mActiveRecord::InternalMetadata Load (1.0ms)[0m  [1m[34mSELECT  "ar_internal_metadata".* FROM "ar_internal_metadata" WHERE "ar_internal_metadata"."key" = $1 LIMIT $2[0m  [["key", "environment"], ["LIMIT", 1]]
  [1m[35m (0.1ms)[0m  [1m[35mBEGIN[0m
  [1m[35mSQL (0.4ms)[0m  [1m[32mINSERT INTO "ar_internal_metadata" ("key", "value", "created_at", "updated_at") VALUES ($1, $2, $3, $4) RETURNING "key"[0m  [["key", "environment"], ["value", "development"], ["created_at", "2019-10-16 19:51:31.538747"], ["updated_at", "2019-10-16 19:51:31.538747"]]
  [1m[35m (0.4ms)[0m  [1m[35mCOMMIT[0m
  [1m[35m (0.2ms)[0m  [1m[34mSELECT pg_advisory_unlock(7077420035831826135)[0m
  [1m[35m (0.2ms)[0m  [1m[34mSELECT "schema_migrations"."version" FROM "schema_migrations" ORDER BY "schema_migrations"."version" ASC[0m
Started OPTIONS "/auth/signup/" for ::1 at 2019-10-16 15:56:04 -0400
  [1m[35m (1.9ms)[0m  [1m[34mSELECT "schema_migrations"."version" FROM "schema_migrations" ORDER BY "schema_migrations"."version" ASC[0m
  
ActionController::RoutingError (No route matches [OPTIONS] "/auth/signup"):
  
actionpack (5.1.7) lib/action_dispatch/middleware/debug_exceptions.rb:63:in `call'
actionpack (5.1.7) lib/action_dispatch/middleware/show_exceptions.rb:31:in `call'
railties (5.1.7) lib/rails/rack/logger.rb:36:in `call_app'
railties (5.1.7) lib/rails/rack/logger.rb:24:in `block in call'
activesupport (5.1.7) lib/active_support/tagged_logging.rb:69:in `block in tagged'
activesupport (5.1.7) lib/active_support/tagged_logging.rb:26:in `tagged'
activesupport (5.1.7) lib/active_support/tagged_logging.rb:69:in `tagged'
railties (5.1.7) lib/rails/rack/logger.rb:24:in `call'
actionpack (5.1.7) lib/action_dispatch/middleware/remote_ip.rb:79:in `call'
actionpack (5.1.7) lib/action_dispatch/middleware/request_id.rb:25:in `call'
rack (2.0.7) lib/rack/runtime.rb:22:in `call'
activesupport (5.1.7) lib/active_support/cache/strategy/local_cache_middleware.rb:27:in `call'
actionpack (5.1.7) lib/action_dispatch/middleware/executor.rb:12:in `call'
actionpack (5.1.7) lib/action_dispatch/middleware/static.rb:125:in `call'
rack (2.0.7) lib/rack/sendfile.rb:111:in `call'
rack-mini-profiler (0.10.1) lib/mini_profiler/profiler.rb:278:in `call'
railties (5.1.7) lib/rails/engine.rb:522:in `call'
puma (3.12.1) lib/puma/configuration.rb:227:in `call'
puma (3.12.1) lib/puma/server.rb:660:in `handle_request'
puma (3.12.1) lib/puma/server.rb:474:in `process_client'
puma (3.12.1) lib/puma/server.rb:334:in `block in run'
puma (3.12.1) lib/puma/thread_pool.rb:135:in `block in spawn_thread'
Started OPTIONS "/auth/signup/" for ::1 at 2019-10-16 15:57:28 -0400
  [1m[35m (1.7ms)[0m  [1m[34mSELECT "schema_migrations"."version" FROM "schema_migrations" ORDER BY "schema_migrations"."version" ASC[0m
  
ActionController::RoutingError (No route matches [OPTIONS] "/auth/signup"):
  
actionpack (5.1.7) lib/action_dispatch/middleware/debug_exceptions.rb:63:in `call'
actionpack (5.1.7) lib/action_dispatch/middleware/show_exceptions.rb:31:in `call'
railties (5.1.7) lib/rails/rack/logger.rb:36:in `call_app'
railties (5.1.7) lib/rails/rack/logger.rb:24:in `block in call'
activesupport (5.1.7) lib/active_support/tagged_logging.rb:69:in `block in tagged'
activesupport (5.1.7) lib/active_support/tagged_logging.rb:26:in `tagged'
activesupport (5.1.7) lib/active_support/tagged_logging.rb:69:in `tagged'
railties (5.1.7) lib/rails/rack/logger.rb:24:in `call'
actionpack (5.1.7) lib/action_dispatch/middleware/remote_ip.rb:79:in `call'
actionpack (5.1.7) lib/action_dispatch/middleware/request_id.rb:25:in `call'
rack (2.0.7) lib/rack/runtime.rb:22:in `call'
activesupport (5.1.7) lib/active_support/cache/strategy/local_cache_middleware.rb:27:in `call'
actionpack (5.1.7) lib/action_dispatch/middleware/executor.rb:12:in `call'
actionpack (5.1.7) lib/action_dispatch/middleware/static.rb:125:in `call'
rack (2.0.7) lib/rack/sendfile.rb:111:in `call'
rack-mini-profiler (0.10.1) lib/mini_profiler/profiler.rb:278:in `call'
railties (5.1.7) lib/rails/engine.rb:522:in `call'
puma (3.12.1) lib/puma/configuration.rb:227:in `call'
puma (3.12.1) lib/puma/server.rb:660:in `handle_request'
puma (3.12.1) lib/puma/server.rb:474:in `process_client'
puma (3.12.1) lib/puma/server.rb:334:in `block in run'
puma (3.12.1) lib/puma/thread_pool.rb:135:in `block in spawn_thread'
Started OPTIONS "/auth/signup" for ::1 at 2019-10-16 15:57:56 -0400
  
ActionController::RoutingError (No route matches [OPTIONS] "/auth/signup"):
  
actionpack (5.1.7) lib/action_dispatch/middleware/debug_exceptions.rb:63:in `call'
actionpack (5.1.7) lib/action_dispatch/middleware/show_exceptions.rb:31:in `call'
railties (5.1.7) lib/rails/rack/logger.rb:36:in `call_app'
railties (5.1.7) lib/rails/rack/logger.rb:24:in `block in call'
activesupport (5.1.7) lib/active_support/tagged_logging.rb:69:in `block in tagged'
activesupport (5.1.7) lib/active_support/tagged_logging.rb:26:in `tagged'
activesupport (5.1.7) lib/active_support/tagged_logging.rb:69:in `tagged'
railties (5.1.7) lib/rails/rack/logger.rb:24:in `call'
actionpack (5.1.7) lib/action_dispatch/middleware/remote_ip.rb:79:in `call'
actionpack (5.1.7) lib/action_dispatch/middleware/request_id.rb:25:in `call'
rack (2.0.7) lib/rack/runtime.rb:22:in `call'
activesupport (5.1.7) lib/active_support/cache/strategy/local_cache_middleware.rb:27:in `call'
actionpack (5.1.7) lib/action_dispatch/middleware/executor.rb:12:in `call'
actionpack (5.1.7) lib/action_dispatch/middleware/static.rb:125:in `call'
rack (2.0.7) lib/rack/sendfile.rb:111:in `call'
rack-mini-profiler (0.10.1) lib/mini_profiler/profiler.rb:278:in `call'
railties (5.1.7) lib/rails/engine.rb:522:in `call'
puma (3.12.1) lib/puma/configuration.rb:227:in `call'
puma (3.12.1) lib/puma/server.rb:660:in `handle_request'
puma (3.12.1) lib/puma/server.rb:474:in `process_client'
puma (3.12.1) lib/puma/server.rb:334:in `block in run'
puma (3.12.1) lib/puma/thread_pool.rb:135:in `block in spawn_thread'
Started POST "/auth/signup" for ::1 at 2019-10-16 16:03:39 -0400
  [1m[35m (1.7ms)[0m  [1m[34mSELECT "schema_migrations"."version" FROM "schema_migrations" ORDER BY "schema_migrations"."version" ASC[0m
Processing by AuthenticationController#signup as HTML
  Parameters: {"email"=>"s@s.com", "password"=>"[FILTERED]", "authentication"=>{"email"=>"s@s.com", "password"=>"[FILTERED]"}}
[active_model_serializers] Rendered ActiveModel::Serializer::Null with Hash (0.09ms)
Filter chain halted as :authorize_request rendered or redirected
Completed 401 Unauthorized in 4ms (Views: 3.5ms | ActiveRecord: 0.0ms)


Started POST "/auth/signup" for ::1 at 2019-10-16 16:04:30 -0400
Started POST "/auth/signup" for ::1 at 2019-10-16 16:04:40 -0400
Processing by AuthenticationController#signup as HTML
  Parameters: {"email"=>"s@s.com", "password"=>"[FILTERED]", "authentication"=>{"email"=>"s@s.com", "password"=>"[FILTERED]"}}
[active_model_serializers] Rendered ActiveModel::Serializer::Null with Hash (0.06ms)
Completed 422 Unprocessable Entity in 2ms (Views: 2.0ms | ActiveRecord: 0.0ms)


Processing by AuthenticationController#signup as HTML
  Parameters: {"email"=>"s@s.com", "password"=>"[FILTERED]", "authentication"=>{"email"=>"s@s.com", "password"=>"[FILTERED]"}}
[active_model_serializers] Rendered ActiveModel::Serializer::Null with Hash (0.07ms)
Completed 422 Unprocessable Entity in 3ms (Views: 2.4ms | ActiveRecord: 0.0ms)


Started POST "/auth/signup" for ::1 at 2019-10-16 16:11:03 -0400
Processing by AuthenticationController#signup as HTML
  Parameters: {"email"=>"s@essss.com", "password"=>"[FILTERED]", "password_confirmation"=>"[FILTERED]", "authentication"=>{"email"=>"s@essss.com", "password"=>"[FILTERED]", "password_confirmation"=>"[FILTERED]"}}
[active_model_serializers] Rendered ActiveModel::Serializer::Null with Hash (0.05ms)
Completed 422 Unprocessable Entity in 1ms (Views: 0.3ms | ActiveRecord: 0.0ms)


Started POST "/auth/signup" for ::1 at 2019-10-16 16:11:28 -0400
Processing by AuthenticationController#signup as HTML
  Parameters: {"email"=>"s@s.com", "password"=>"[FILTERED]", "password_confirmation"=>"[FILTERED]", "authentication"=>{"email"=>"s@s.com", "password"=>"[FILTERED]", "password_confirmation"=>"[FILTERED]"}}
Unpermitted parameter: :authentication
  [1m[35m (0.5ms)[0m  [1m[35mBEGIN[0m
  [1m[35m (0.5ms)[0m  [1m[31mROLLBACK[0m
Completed 500 Internal Server Error in 227ms (ActiveRecord: 10.2ms)



NoMethodError - undefined method `username' for #<User:0x00007ff52b1e9650>:
  app/controllers/authentication_controller.rb:34:in `create_user!'
  app/controllers/authentication_controller.rb:19:in `signup'

Started POST "/auth/signup" for ::1 at 2019-10-16 16:12:58 -0400
Processing by AuthenticationController#signup as HTML
  Parameters: {"email"=>"s@s.com", "password"=>"[FILTERED]", "password_confirmation"=>"[FILTERED]", "authentication"=>{"email"=>"s@s.com", "password"=>"[FILTERED]", "password_confirmation"=>"[FILTERED]"}}
Unpermitted parameter: :authentication
  [1m[35m (0.5ms)[0m  [1m[35mBEGIN[0m
  [1m[36mUser Exists (1.3ms)[0m  [1m[34mSELECT  1 AS one FROM "users" WHERE "users"."email" = $1 LIMIT $2[0m  [["email", "s@s.com"], ["LIMIT", 1]]
  [1m[35mSQL (0.5ms)[0m  [1m[32mINSERT INTO "users" ("email", "password_digest", "created_at", "updated_at") VALUES ($1, $2, $3, $4) RETURNING "id"[0m  [["email", "s@s.com"], ["password_digest", "$2a$12$BHCZvhJ/2V7elnpa3q4FAOne1S4dRLqlXDKvmtaSVAqdBbFd/pE8W"], ["created_at", "2019-10-16 20:12:58.296437"], ["updated_at", "2019-10-16 20:12:58.296437"]]
  [1m[35m (2.1ms)[0m  [1m[35mCOMMIT[0m
  [1m[36mUser Load (0.5ms)[0m  [1m[34mSELECT  "users".* FROM "users" WHERE "users"."email" = $1 LIMIT $2[0m  [["email", "s@s.com"], ["LIMIT", 1]]
[active_model_serializers] Rendered ActiveModel::Serializer::Null with Hash (0.05ms)
Completed 201 Created in 225ms (Views: 1.9ms | ActiveRecord: 5.5ms)


Started POST "/auth/login" for ::1 at 2019-10-23 15:19:40 -0400
  [1m[35m (4.5ms)[0m  [1m[34mSELECT "schema_migrations"."version" FROM "schema_migrations" ORDER BY "schema_migrations"."version" ASC[0m
Processing by AuthenticationController#login as HTML
  Parameters: {"user"=>{"email"=>"s@s.com", "password"=>"[FILTERED]"}, "authentication"=>{"user"=>{"email"=>"s@s.com", "password"=>"[FILTERED]"}}}
[active_model_serializers] Rendered ActiveModel::Serializer::Null with Hash (0.17ms)
Completed 422 Unprocessable Entity in 6ms (Views: 5.7ms | ActiveRecord: 0.0ms)


Started POST "/auth/login" for ::1 at 2019-10-23 15:20:29 -0400
Processing by AuthenticationController#login as HTML
  Parameters: {"email"=>"s@s.com", "password"=>"[FILTERED]", "authentication"=>{"email"=>"s@s.com", "password"=>"[FILTERED]"}}
  [1m[36mUser Load (3.1ms)[0m  [1m[34mSELECT  "users".* FROM "users" WHERE "users"."email" = $1 LIMIT $2[0m  [["email", "s@s.com"], ["LIMIT", 1]]
  [1m[36mCACHE User Load (0.0ms)[0m  [1m[34mSELECT  "users".* FROM "users" WHERE "users"."email" = $1 LIMIT $2[0m  [["email", "s@s.com"], ["LIMIT", 1]]
  [1m[36mCACHE User Load (0.0ms)[0m  [1m[34mSELECT  "users".* FROM "users" WHERE "users"."email" = $1 LIMIT $2[0m  [["email", "s@s.com"], ["LIMIT", 1]]
[active_model_serializers] Rendered ActiveModel::Serializer::Null with Hash (0.06ms)
Completed 200 OK in 268ms (Views: 0.3ms | ActiveRecord: 41.9ms)


Started POST "/auth/login" for ::1 at 2019-10-23 15:27:42 -0400
Processing by AuthenticationController#login as HTML
  Parameters: {"email"=>"s@s.com", "password"=>"[FILTERED]", "authentication"=>{"email"=>"s@s.com", "password"=>"[FILTERED]"}}
  [1m[36mUser Load (0.7ms)[0m  [1m[34mSELECT  "users".* FROM "users" WHERE "users"."email" = $1 LIMIT $2[0m  [["email", "s@s.com"], ["LIMIT", 1]]
  [1m[36mCACHE User Load (0.0ms)[0m  [1m[34mSELECT  "users".* FROM "users" WHERE "users"."email" = $1 LIMIT $2[0m  [["email", "s@s.com"], ["LIMIT", 1]]
  [1m[36mCACHE User Load (0.0ms)[0m  [1m[34mSELECT  "users".* FROM "users" WHERE "users"."email" = $1 LIMIT $2[0m  [["email", "s@s.com"], ["LIMIT", 1]]
[active_model_serializers] Rendered ActiveModel::Serializer::Null with Hash (0.06ms)
Completed 200 OK in 202ms (Views: 0.3ms | ActiveRecord: 0.7ms)


Started POST "/auth/login" for ::1 at 2019-10-23 15:32:38 -0400
Processing by AuthenticationController#login as HTML
  Parameters: {"email"=>"s@s.com", "password"=>"[FILTERED]", "authentication"=>{"email"=>"s@s.com", "password"=>"[FILTERED]"}}
  [1m[36mUser Load (1.3ms)[0m  [1m[34mSELECT  "users".* FROM "users" WHERE "users"."email" = $1 LIMIT $2[0m  [["email", "s@s.com"], ["LIMIT", 1]]
  [1m[36mCACHE User Load (0.0ms)[0m  [1m[34mSELECT  "users".* FROM "users" WHERE "users"."email" = $1 LIMIT $2[0m  [["email", "s@s.com"], ["LIMIT", 1]]
  [1m[36mCACHE User Load (0.0ms)[0m  [1m[34mSELECT  "users".* FROM "users" WHERE "users"."email" = $1 LIMIT $2[0m  [["email", "s@s.com"], ["LIMIT", 1]]
[active_model_serializers] Rendered ActiveModel::Serializer::Null with Hash (0.07ms)
Completed 200 OK in 205ms (Views: 0.3ms | ActiveRecord: 1.3ms)


Started POST "/auth/login" for ::1 at 2019-10-23 15:33:09 -0400
Processing by AuthenticationController#login as HTML
  Parameters: {"email"=>"s@s.com", "password"=>"[FILTERED]", "authentication"=>{"email"=>"s@s.com", "password"=>"[FILTERED]"}}
  [1m[36mUser Load (2.6ms)[0m  [1m[34mSELECT  "users".* FROM "users" WHERE "users"."email" = $1 LIMIT $2[0m  [["email", "s@s.com"], ["LIMIT", 1]]
  [1m[36mCACHE User Load (0.0ms)[0m  [1m[34mSELECT  "users".* FROM "users" WHERE "users"."email" = $1 LIMIT $2[0m  [["email", "s@s.com"], ["LIMIT", 1]]
  [1m[36mCACHE User Load (0.0ms)[0m  [1m[34mSELECT  "users".* FROM "users" WHERE "users"."email" = $1 LIMIT $2[0m  [["email", "s@s.com"], ["LIMIT", 1]]
[active_model_serializers] Rendered ActiveModel::Serializer::Null with Hash (0.05ms)
Completed 200 OK in 203ms (Views: 0.3ms | ActiveRecord: 3.3ms)


Started POST "/auth/login" for ::1 at 2019-10-23 15:35:34 -0400
Processing by AuthenticationController#login as HTML
  Parameters: {"email"=>"s@s.com", "password"=>"[FILTERED]", "authentication"=>{"email"=>"s@s.com", "password"=>"[FILTERED]"}}
  [1m[36mUser Load (0.8ms)[0m  [1m[34mSELECT  "users".* FROM "users" WHERE "users"."email" = $1 LIMIT $2[0m  [["email", "s@s.com"], ["LIMIT", 1]]
  [1m[36mCACHE User Load (0.0ms)[0m  [1m[34mSELECT  "users".* FROM "users" WHERE "users"."email" = $1 LIMIT $2[0m  [["email", "s@s.com"], ["LIMIT", 1]]
  [1m[36mCACHE User Load (0.0ms)[0m  [1m[34mSELECT  "users".* FROM "users" WHERE "users"."email" = $1 LIMIT $2[0m  [["email", "s@s.com"], ["LIMIT", 1]]
[active_model_serializers] Rendered ActiveModel::Serializer::Null with Hash (0.08ms)
Completed 200 OK in 203ms (Views: 0.3ms | ActiveRecord: 0.8ms)


Started POST "/auth/login" for ::1 at 2019-10-23 15:36:59 -0400
Processing by AuthenticationController#login as HTML
  Parameters: {"email"=>"s@s.com", "password"=>"[FILTERED]", "authentication"=>{"email"=>"s@s.com", "password"=>"[FILTERED]"}}
  [1m[36mUser Load (0.6ms)[0m  [1m[34mSELECT  "users".* FROM "users" WHERE "users"."email" = $1 LIMIT $2[0m  [["email", "s@s.com"], ["LIMIT", 1]]
  [1m[36mCACHE User Load (0.0ms)[0m  [1m[34mSELECT  "users".* FROM "users" WHERE "users"."email" = $1 LIMIT $2[0m  [["email", "s@s.com"], ["LIMIT", 1]]
  [1m[36mCACHE User Load (0.0ms)[0m  [1m[34mSELECT  "users".* FROM "users" WHERE "users"."email" = $1 LIMIT $2[0m  [["email", "s@s.com"], ["LIMIT", 1]]
[active_model_serializers] Rendered ActiveModel::Serializer::Null with Hash (0.05ms)
Completed 200 OK in 200ms (Views: 0.3ms | ActiveRecord: 0.7ms)


Started POST "/auth/signup" for ::1 at 2019-10-23 15:59:31 -0400
Processing by AuthenticationController#signup as HTML
  Parameters: {"authentication"=>{}}
[active_model_serializers] Rendered ActiveModel::Serializer::Null with Hash (0.06ms)
Completed 422 Unprocessable Entity in 1ms (Views: 0.3ms | ActiveRecord: 0.0ms)


Started POST "/auth/signup" for ::1 at 2019-10-23 16:01:49 -0400
Processing by AuthenticationController#signup as HTML
  Parameters: {"email"=>"s@s.com", "password"=>"[FILTERED]", "password_confirmation"=>"[FILTERED]", "authentication"=>{"email"=>"s@s.com", "password"=>"[FILTERED]", "password_confirmation"=>"[FILTERED]"}}
Unpermitted parameter: :authentication
  [1m[35m (0.4ms)[0m  [1m[35mBEGIN[0m
  [1m[36mUser Exists (0.3ms)[0m  [1m[34mSELECT  1 AS one FROM "users" WHERE "users"."email" = $1 LIMIT $2[0m  [["email", "s@s.com"], ["LIMIT", 1]]
  [1m[35m (0.5ms)[0m  [1m[31mROLLBACK[0m
Completed 422 Unprocessable Entity in 222ms (ActiveRecord: 1.2ms)



ActiveRecord::RecordInvalid - Validation failed: Email has already been taken:
  app/controllers/authentication_controller.rb:34:in `create_user!'
  app/controllers/authentication_controller.rb:19:in `signup'

Started POST "/auth/login" for ::1 at 2019-10-23 16:02:12 -0400
Processing by AuthenticationController#login as HTML
  Parameters: {"email"=>"s@s.com", "password"=>"[FILTERED]", "authentication"=>{"email"=>"s@s.com", "password"=>"[FILTERED]"}}
  [1m[36mUser Load (0.6ms)[0m  [1m[34mSELECT  "users".* FROM "users" WHERE "users"."email" = $1 LIMIT $2[0m  [["email", "s@s.com"], ["LIMIT", 1]]
  [1m[36mCACHE User Load (0.0ms)[0m  [1m[34mSELECT  "users".* FROM "users" WHERE "users"."email" = $1 LIMIT $2[0m  [["email", "s@s.com"], ["LIMIT", 1]]
  [1m[36mCACHE User Load (0.0ms)[0m  [1m[34mSELECT  "users".* FROM "users" WHERE "users"."email" = $1 LIMIT $2[0m  [["email", "s@s.com"], ["LIMIT", 1]]
[active_model_serializers] Rendered ActiveModel::Serializer::Null with Hash (0.05ms)
Completed 200 OK in 196ms (Views: 0.3ms | ActiveRecord: 0.6ms)


Started POST "/auth/signup" for ::1 at 2019-10-23 16:03:37 -0400
Processing by AuthenticationController#signup as HTML
  Parameters: {"email"=>"i@i.com", "password"=>"[FILTERED]", "password_confirmation"=>"[FILTERED]", "authentication"=>{"email"=>"i@i.com", "password"=>"[FILTERED]", "password_confirmation"=>"[FILTERED]"}}
Unpermitted parameter: :authentication
  [1m[35m (0.4ms)[0m  [1m[35mBEGIN[0m
  [1m[36mUser Exists (0.3ms)[0m  [1m[34mSELECT  1 AS one FROM "users" WHERE "users"."email" = $1 LIMIT $2[0m  [["email", "i@i.com"], ["LIMIT", 1]]
  [1m[35mSQL (4.2ms)[0m  [1m[32mINSERT INTO "users" ("email", "password_digest", "created_at", "updated_at") VALUES ($1, $2, $3, $4) RETURNING "id"[0m  [["email", "i@i.com"], ["password_digest", "$2a$12$JkPV7nmvMSp2qZU7SiU3s.gMbv2KBSSeB3qXu34pD1rmdJZ213JlW"], ["created_at", "2019-10-23 20:03:37.654973"], ["updated_at", "2019-10-23 20:03:37.654973"]]
  [1m[35m (1.6ms)[0m  [1m[35mCOMMIT[0m
  [1m[36mUser Load (0.5ms)[0m  [1m[34mSELECT  "users".* FROM "users" WHERE "users"."email" = $1 LIMIT $2[0m  [["email", "i@i.com"], ["LIMIT", 1]]
[active_model_serializers] Rendered ActiveModel::Serializer::Null with Hash (0.05ms)
Completed 201 Created in 207ms (Views: 0.3ms | ActiveRecord: 7.0ms)


Started POST "/auth/login" for ::1 at 2019-11-06 15:14:59 -0500
  [1m[35m (2.9ms)[0m  [1m[34mSELECT "schema_migrations"."version" FROM "schema_migrations" ORDER BY "schema_migrations"."version" ASC[0m
Processing by AuthenticationController#login as HTML
  Parameters: {"email"=>"s@s.com", "password"=>"[FILTERED]", "authentication"=>{"email"=>"s@s.com", "password"=>"[FILTERED]"}}
  [1m[36mUser Load (1.7ms)[0m  [1m[34mSELECT  "users".* FROM "users" WHERE "users"."email" = $1 LIMIT $2[0m  [["email", "s@s.com"], ["LIMIT", 1]]
  [1m[36mUser Load (0.6ms)[0m  [1m[34mSELECT  "users".* FROM "users" WHERE "users"."email" = $1 LIMIT $2[0m  [["email", "s@s.com"], ["LIMIT", 1]]
  [1m[36mUser Load (0.4ms)[0m  [1m[34mSELECT  "users".* FROM "users" WHERE "users"."email" = $1 LIMIT $2[0m  [["email", "s@s.com"], ["LIMIT", 1]]
[active_model_serializers] Rendered ActiveModel::Serializer::Null with Hash (0.09ms)
Completed 200 OK in 228ms (Views: 3.6ms | ActiveRecord: 14.0ms)


